Arguments: 
  /usr/local/Cellar/node/8.9.1/bin/node /usr/local/bin/yarn start

PATH: 
  /usr/local/bin:/usr/bin:/bin:/usr/sbin:/sbin

Yarn version: 
  1.5.1

Node version: 
  8.9.1

Platform: 
  darwin x64

npm manifest: 
  {
    "name": "mern",
    "version": "1.0.0",
    "description": "Mern Demo",
    "main": "server.js",
    "scripts": {
      "server": "node server.js",
      "client": "node scripts/start-client.js",
      "start": "concurrently \"nodemon server.js\" \"npm run client\"",
      "build": "node scripts/build.js",
      "test": "echo \"Error: no test specified\" && exit 1"
    },
    "author": "",
    "license": "ISC",
    "devDependencies": {
      "concurrently": "^3.5.0",
      "nodemon": "^1.11.0"
    },
    "dependencies": {
      "express": "^4.15.4"
    }
  }

yarn manifest: 
  No manifest

Lockfile: 
  No lockfile

Trace: 
  Error: Command failed.
  Exit code: 127
  Command: sh
  Arguments: -c concurrently "nodemon server.js" "npm run client"
  Directory: /Users/mariagonzalez/Desktop/RUTJC201711FSF2-Class-Repository-FSF/20-react/01-Activities/07-Ins_Mern/create-react-express
  Output:
  
      at ProcessTermError.MessageError (/usr/local/lib/node_modules/yarn/lib/cli.js:186:110)
      at new ProcessTermError (/usr/local/lib/node_modules/yarn/lib/cli.js:226:113)
      at ChildProcess.<anonymous> (/usr/local/lib/node_modules/yarn/lib/cli.js:30281:17)
      at emitTwo (events.js:126:13)
      at ChildProcess.emit (events.js:214:7)
      at maybeClose (internal/child_process.js:925:16)
      at Process.ChildProcess._handle.onexit (internal/child_process.js:209:5)
